Started by user [8mha:AAAAlh+LCAAAAAAAAP9b85aBtbiIQTGjNKU4P08vOT+vOD8nVc83PyU1x6OyILUoJzMv2y+/JJUBAhiZGBgqihhk0NSjKDWzXb3RdlLBUSYGJk8GtpzUvPSSDB8G5tKinBIGIZ+sxLJE/ZzEvHT94JKizLx0a6BxUmjGOUNodHsLgAzOEgYu/dLi1CL9vNKcHACFIKlWvwAAAA==[0manonymous
ln 2015-03-17_21-53-54 /var/jenkins_home/jobs/Docker/builds/4 failed
java.nio.file.FileSystemException: /var/jenkins_home/jobs/Docker/builds/4: Protocol error
	at sun.nio.fs.UnixException.translateToIOException(UnixException.java:91)
	at sun.nio.fs.UnixException.rethrowAsIOException(UnixException.java:102)
	at sun.nio.fs.UnixException.rethrowAsIOException(UnixException.java:107)
	at sun.nio.fs.UnixFileSystemProvider.createSymbolicLink(UnixFileSystemProvider.java:456)
	at java.nio.file.Files.createSymbolicLink(Files.java:996)
	at sun.reflect.GeneratedMethodAccessor279.invoke(Unknown Source)
	at sun.reflect.DelegatingMethodAccessorImpl.invoke(DelegatingMethodAccessorImpl.java:43)
	at java.lang.reflect.Method.invoke(Method.java:606)
	at hudson.Util.createSymlinkJava7(Util.java:1196)
	at hudson.Util.createSymlink(Util.java:1112)
	at hudson.model.Run.updateSymlinks(Run.java:1831)
	at hudson.model.Run.execute(Run.java:1743)
	at hudson.model.FreeStyleBuild.run(FreeStyleBuild.java:43)
	at hudson.model.ResourceController.execute(ResourceController.java:89)
	at hudson.model.Executor.run(Executor.java:240)
ln builds/lastSuccessfulBuild /var/jenkins_home/jobs/Docker/lastSuccessful failed
java.nio.file.FileSystemException: /var/jenkins_home/jobs/Docker/lastSuccessful: Protocol error
	at sun.nio.fs.UnixException.translateToIOException(UnixException.java:91)
	at sun.nio.fs.UnixException.rethrowAsIOException(UnixException.java:102)
	at sun.nio.fs.UnixException.rethrowAsIOException(UnixException.java:107)
	at sun.nio.fs.UnixFileSystemProvider.createSymbolicLink(UnixFileSystemProvider.java:456)
	at java.nio.file.Files.createSymbolicLink(Files.java:996)
	at sun.reflect.GeneratedMethodAccessor279.invoke(Unknown Source)
	at sun.reflect.DelegatingMethodAccessorImpl.invoke(DelegatingMethodAccessorImpl.java:43)
	at java.lang.reflect.Method.invoke(Method.java:606)
	at hudson.Util.createSymlinkJava7(Util.java:1196)
	at hudson.Util.createSymlink(Util.java:1112)
	at hudson.model.Run.createSymlink(Run.java:1851)
	at hudson.model.Run.updateSymlinks(Run.java:1832)
	at hudson.model.Run.execute(Run.java:1743)
	at hudson.model.FreeStyleBuild.run(FreeStyleBuild.java:43)
	at hudson.model.ResourceController.execute(ResourceController.java:89)
	at hudson.model.Executor.run(Executor.java:240)
ln builds/lastStableBuild /var/jenkins_home/jobs/Docker/lastStable failed
java.nio.file.FileSystemException: /var/jenkins_home/jobs/Docker/lastStable: Protocol error
	at sun.nio.fs.UnixException.translateToIOException(UnixException.java:91)
	at sun.nio.fs.UnixException.rethrowAsIOException(UnixException.java:102)
	at sun.nio.fs.UnixException.rethrowAsIOException(UnixException.java:107)
	at sun.nio.fs.UnixFileSystemProvider.createSymbolicLink(UnixFileSystemProvider.java:456)
	at java.nio.file.Files.createSymbolicLink(Files.java:996)
	at sun.reflect.GeneratedMethodAccessor279.invoke(Unknown Source)
	at sun.reflect.DelegatingMethodAccessorImpl.invoke(DelegatingMethodAccessorImpl.java:43)
	at java.lang.reflect.Method.invoke(Method.java:606)
	at hudson.Util.createSymlinkJava7(Util.java:1196)
	at hudson.Util.createSymlink(Util.java:1112)
	at hudson.model.Run.createSymlink(Run.java:1851)
	at hudson.model.Run.updateSymlinks(Run.java:1833)
	at hudson.model.Run.execute(Run.java:1743)
	at hudson.model.FreeStyleBuild.run(FreeStyleBuild.java:43)
	at hudson.model.ResourceController.execute(ResourceController.java:89)
	at hudson.model.Executor.run(Executor.java:240)
Building remotely on [8mha:AAAAmx+LCAAAAAAAAP9b85aBtbiIQTGjNKU4P08vOT+vOD8nVc83PyU1x6OyILUoJzMv2y+/JJUBAhiZGBgqihhk0NSjKDWzXb3RdlLBUSYGJk8GtpzUvPSSDB8G5tKinBIGIZ+sxLJE/ZzEvHT94JKizLx0a6BxUmjGOUNodHsLgAzWEgZ+/eT83ILSktQifZ/85MQcAKyxGIjEAAAA[0mLocal (docker) in workspace /data/jenkins/slaves/local/workspace/Docker
[Docker] $ /bin/sh -xe /tmp/hudson1274921110632962031.sh
+ sudo docker run --rm -w /app robaum/hello-node:v2 ./node_modules/mocha/bin/mocha ./test/test.js

  [31mâ€¤[0m

[31m  1 failing[0m

[92m [0m[32m 0 passing[0m[90m (28ms)[0m
[0m  1) GET / respond with hello world:
[0m[31m     Error: expected 'hello world' response body, got 'hello JnJ'[0m[90m
      at error (/app/node_modules/supertest/lib/test.js:235:13)
      at Test.assert (/app/node_modules/supertest/lib/test.js:180:21)
      at Server.assert (/app/node_modules/supertest/lib/test.js:132:12)
      at Server.g (events.js:180:16)
      at Server.emit (events.js:92:17)
      at net.js:1277:10
      at process._tickCallback (node.js:448:13)
[0m


Build step 'Execute shell' marked build as failure
Finished: FAILURE
