Started by user [8mha:AAAAlh+LCAAAAAAAAP9b85aBtbiIQTGjNKU4P08vOT+vOD8nVc83PyU1x6OyILUoJzMv2y+/JJUBAhiZGBgqihhk0NSjKDWzXb3RdlLBUSYGJk8GtpzUvPSSDB8G5tKinBIGIZ+sxLJE/ZzEvHT94JKizLx0a6BxUmjGOUNodHsLgAzOEgYu/dLi1CL9vNKcHACFIKlWvwAAAA==[0manonymous
ln 2015-03-17_21-53-27 /var/jenkins_home/jobs/Docker/builds/3 failed
java.nio.file.FileSystemException: /var/jenkins_home/jobs/Docker/builds/3: Protocol error
	at sun.nio.fs.UnixException.translateToIOException(UnixException.java:91)
	at sun.nio.fs.UnixException.rethrowAsIOException(UnixException.java:102)
	at sun.nio.fs.UnixException.rethrowAsIOException(UnixException.java:107)
	at sun.nio.fs.UnixFileSystemProvider.createSymbolicLink(UnixFileSystemProvider.java:456)
	at java.nio.file.Files.createSymbolicLink(Files.java:996)
	at sun.reflect.GeneratedMethodAccessor279.invoke(Unknown Source)
	at sun.reflect.DelegatingMethodAccessorImpl.invoke(DelegatingMethodAccessorImpl.java:43)
	at java.lang.reflect.Method.invoke(Method.java:606)
	at hudson.Util.createSymlinkJava7(Util.java:1196)
	at hudson.Util.createSymlink(Util.java:1112)
	at hudson.model.Run.updateSymlinks(Run.java:1831)
	at hudson.model.Run.execute(Run.java:1743)
	at hudson.model.FreeStyleBuild.run(FreeStyleBuild.java:43)
	at hudson.model.ResourceController.execute(ResourceController.java:89)
	at hudson.model.Executor.run(Executor.java:240)
ln builds/lastSuccessfulBuild /var/jenkins_home/jobs/Docker/lastSuccessful failed
java.nio.file.FileSystemException: /var/jenkins_home/jobs/Docker/lastSuccessful: Protocol error
	at sun.nio.fs.UnixException.translateToIOException(UnixException.java:91)
	at sun.nio.fs.UnixException.rethrowAsIOException(UnixException.java:102)
	at sun.nio.fs.UnixException.rethrowAsIOException(UnixException.java:107)
	at sun.nio.fs.UnixFileSystemProvider.createSymbolicLink(UnixFileSystemProvider.java:456)
	at java.nio.file.Files.createSymbolicLink(Files.java:996)
	at sun.reflect.GeneratedMethodAccessor279.invoke(Unknown Source)
	at sun.reflect.DelegatingMethodAccessorImpl.invoke(DelegatingMethodAccessorImpl.java:43)
	at java.lang.reflect.Method.invoke(Method.java:606)
	at hudson.Util.createSymlinkJava7(Util.java:1196)
	at hudson.Util.createSymlink(Util.java:1112)
	at hudson.model.Run.createSymlink(Run.java:1851)
	at hudson.model.Run.updateSymlinks(Run.java:1832)
	at hudson.model.Run.execute(Run.java:1743)
	at hudson.model.FreeStyleBuild.run(FreeStyleBuild.java:43)
	at hudson.model.ResourceController.execute(ResourceController.java:89)
	at hudson.model.Executor.run(Executor.java:240)
ln builds/lastStableBuild /var/jenkins_home/jobs/Docker/lastStable failed
java.nio.file.FileSystemException: /var/jenkins_home/jobs/Docker/lastStable: Protocol error
	at sun.nio.fs.UnixException.translateToIOException(UnixException.java:91)
	at sun.nio.fs.UnixException.rethrowAsIOException(UnixException.java:102)
	at sun.nio.fs.UnixException.rethrowAsIOException(UnixException.java:107)
	at sun.nio.fs.UnixFileSystemProvider.createSymbolicLink(UnixFileSystemProvider.java:456)
	at java.nio.file.Files.createSymbolicLink(Files.java:996)
	at sun.reflect.GeneratedMethodAccessor279.invoke(Unknown Source)
	at sun.reflect.DelegatingMethodAccessorImpl.invoke(DelegatingMethodAccessorImpl.java:43)
	at java.lang.reflect.Method.invoke(Method.java:606)
	at hudson.Util.createSymlinkJava7(Util.java:1196)
	at hudson.Util.createSymlink(Util.java:1112)
	at hudson.model.Run.createSymlink(Run.java:1851)
	at hudson.model.Run.updateSymlinks(Run.java:1833)
	at hudson.model.Run.execute(Run.java:1743)
	at hudson.model.FreeStyleBuild.run(FreeStyleBuild.java:43)
	at hudson.model.ResourceController.execute(ResourceController.java:89)
	at hudson.model.Executor.run(Executor.java:240)
Building remotely on [8mha:AAAAmx+LCAAAAAAAAP9b85aBtbiIQTGjNKU4P08vOT+vOD8nVc83PyU1x6OyILUoJzMv2y+/JJUBAhiZGBgqihhk0NSjKDWzXb3RdlLBUSYGJk8GtpzUvPSSDB8G5tKinBIGIZ+sxLJE/ZzEvHT94JKizLx0a6BxUmjGOUNodHsLgAzWEgZ+/eT83ILSktQifZ/85MQcAKyxGIjEAAAA[0mLocal (docker) in workspace /data/jenkins/slaves/local/workspace/Docker
[Docker] $ /bin/sh -xe /tmp/hudson1607090122945860079.sh
+ sudo docker run --rm -w /app robaum/hello-node:v1 ./node_modules/mocha/bin/mocha ./test/test.js

  [90mâ€¤[0m

[92m [0m[32m 1 passing[0m[90m (27ms)[0m

Finished: SUCCESS
