Started by user [8mha:AAAAlh+LCAAAAAAAAP9b85aBtbiIQTGjNKU4P08vOT+vOD8nVc83PyU1x6OyILUoJzMv2y+/JJUBAhiZGBgqihhk0NSjKDWzXb3RdlLBUSYGJk8GtpzUvPSSDB8G5tKinBIGIZ+sxLJE/ZzEvHT94JKizLx0a6BxUmjGOUNodHsLgAzOEgYu/dLi1CL9vNKcHACFIKlWvwAAAA==[0manonymous
ln 2015-03-17_21-54-51 /var/jenkins_home/jobs/Docker/builds/5 failed
java.nio.file.FileSystemException: /var/jenkins_home/jobs/Docker/builds/5: Protocol error
	at sun.nio.fs.UnixException.translateToIOException(UnixException.java:91)
	at sun.nio.fs.UnixException.rethrowAsIOException(UnixException.java:102)
	at sun.nio.fs.UnixException.rethrowAsIOException(UnixException.java:107)
	at sun.nio.fs.UnixFileSystemProvider.createSymbolicLink(UnixFileSystemProvider.java:456)
	at java.nio.file.Files.createSymbolicLink(Files.java:996)
	at sun.reflect.GeneratedMethodAccessor279.invoke(Unknown Source)
	at sun.reflect.DelegatingMethodAccessorImpl.invoke(DelegatingMethodAccessorImpl.java:43)
	at java.lang.reflect.Method.invoke(Method.java:606)
	at hudson.Util.createSymlinkJava7(Util.java:1196)
	at hudson.Util.createSymlink(Util.java:1112)
	at hudson.model.Run.updateSymlinks(Run.java:1831)
	at hudson.model.Run.execute(Run.java:1743)
	at hudson.model.FreeStyleBuild.run(FreeStyleBuild.java:43)
	at hudson.model.ResourceController.execute(ResourceController.java:89)
	at hudson.model.Executor.run(Executor.java:240)
ln builds/lastSuccessfulBuild /var/jenkins_home/jobs/Docker/lastSuccessful failed
java.nio.file.FileSystemException: /var/jenkins_home/jobs/Docker/lastSuccessful: Protocol error
	at sun.nio.fs.UnixException.translateToIOException(UnixException.java:91)
	at sun.nio.fs.UnixException.rethrowAsIOException(UnixException.java:102)
	at sun.nio.fs.UnixException.rethrowAsIOException(UnixException.java:107)
	at sun.nio.fs.UnixFileSystemProvider.createSymbolicLink(UnixFileSystemProvider.java:456)
	at java.nio.file.Files.createSymbolicLink(Files.java:996)
	at sun.reflect.GeneratedMethodAccessor279.invoke(Unknown Source)
	at sun.reflect.DelegatingMethodAccessorImpl.invoke(DelegatingMethodAccessorImpl.java:43)
	at java.lang.reflect.Method.invoke(Method.java:606)
	at hudson.Util.createSymlinkJava7(Util.java:1196)
	at hudson.Util.createSymlink(Util.java:1112)
	at hudson.model.Run.createSymlink(Run.java:1851)
	at hudson.model.Run.updateSymlinks(Run.java:1832)
	at hudson.model.Run.execute(Run.java:1743)
	at hudson.model.FreeStyleBuild.run(FreeStyleBuild.java:43)
	at hudson.model.ResourceController.execute(ResourceController.java:89)
	at hudson.model.Executor.run(Executor.java:240)
ln builds/lastStableBuild /var/jenkins_home/jobs/Docker/lastStable failed
java.nio.file.FileSystemException: /var/jenkins_home/jobs/Docker/lastStable: Protocol error
	at sun.nio.fs.UnixException.translateToIOException(UnixException.java:91)
	at sun.nio.fs.UnixException.rethrowAsIOException(UnixException.java:102)
	at sun.nio.fs.UnixException.rethrowAsIOException(UnixException.java:107)
	at sun.nio.fs.UnixFileSystemProvider.createSymbolicLink(UnixFileSystemProvider.java:456)
	at java.nio.file.Files.createSymbolicLink(Files.java:996)
	at sun.reflect.GeneratedMethodAccessor279.invoke(Unknown Source)
	at sun.reflect.DelegatingMethodAccessorImpl.invoke(DelegatingMethodAccessorImpl.java:43)
	at java.lang.reflect.Method.invoke(Method.java:606)
	at hudson.Util.createSymlinkJava7(Util.java:1196)
	at hudson.Util.createSymlink(Util.java:1112)
	at hudson.model.Run.createSymlink(Run.java:1851)
	at hudson.model.Run.updateSymlinks(Run.java:1833)
	at hudson.model.Run.execute(Run.java:1743)
	at hudson.model.FreeStyleBuild.run(FreeStyleBuild.java:43)
	at hudson.model.ResourceController.execute(ResourceController.java:89)
	at hudson.model.Executor.run(Executor.java:240)
Building remotely on [8mha:AAAAmx+LCAAAAAAAAP9b85aBtbiIQTGjNKU4P08vOT+vOD8nVc83PyU1x6OyILUoJzMv2y+/JJUBAhiZGBgqihhk0NSjKDWzXb3RdlLBUSYGJk8GtpzUvPSSDB8G5tKinBIGIZ+sxLJE/ZzEvHT94JKizLx0a6BxUmjGOUNodHsLgAzWEgZ+/eT83ILSktQifZ/85MQcAKyxGIjEAAAA[0mLocal (docker) in workspace /data/jenkins/slaves/local/workspace/Docker
[Docker] $ /bin/sh -xe /tmp/hudson1234028597070338645.sh
+ sudo docker build -t robaum/hello-node:BUILD_NUMBER /vagrant/app/
Sending build context to Docker daemon 557.1 kBSending build context to Docker daemon 1.114 MBSending build context to Docker daemon 1.671 MBSending build context to Docker daemon 2.228 MBSending build context to Docker daemon 2.785 MBSending build context to Docker daemon 3.342 MBSending build context to Docker daemon 3.899 MBSending build context to Docker daemon 4.456 MBSending build context to Docker daemon 4.684 MB
Sending build context to Docker daemon 
Step 0 : FROM node:0.10
 ---> 164719f9d7ea
Step 1 : MAINTAINER Roberto Amador
 ---> Using cache
 ---> 76bb18805f52
Step 2 : RUN mkdir -p /app
 ---> Using cache
 ---> 5144aa221bf1
Step 3 : WORKDIR /app
 ---> Using cache
 ---> d7faf66a1af6
Step 4 : ADD . /app
 ---> 91cf2108957a
Removing intermediate container 6541a2d95e58
Step 5 : EXPOSE 3000
 ---> Running in 5c9f19ee8c7a
 ---> d9a26626d03f
Removing intermediate container 5c9f19ee8c7a
Step 6 : CMD node app.js
 ---> Running in 0bfeaa27bcce
 ---> c12b6be0cba6
Removing intermediate container 0bfeaa27bcce
Successfully built c12b6be0cba6
+ sudo docker run --rm -w /app robaum/hello-node:BUILD_NUMBER ./node_modules/mocha/bin/mocha ./test/test.js

  [31mâ€¤[0m

[92m [0m[32m 0 passing[0m[90m (28ms)[0m
[31m  1 failing[0m

[0m  1) GET / respond with hello world:
[0m[31m     Error: expected 'hello world' response body, got 'hello JnJ'[0m[90m
      at error (/app/node_modules/supertest/lib/test.js:235:13)
      at Test.assert (/app/node_modules/supertest/lib/test.js:180:21)
      at Server.assert (/app/node_modules/supertest/lib/test.js:132:12)
      at Server.g (events.js:180:16)
      at Server.emit (events.js:92:17)
      at net.js:1277:10
      at process._tickCallback (node.js:448:13)
[0m


Build step 'Execute shell' marked build as failure
Finished: FAILURE
